2020-02-14 09:04:50 INFO  CustomerController:48 - -1 Chris
2020-02-14 09:04:50 INFO  CustomerController:48 - -1 Rhys
2020-02-14 09:04:50 INFO  CustomerController:48 - -1 Nic
2020-02-14 09:04:50 INFO  CustomerController:48 - -1 One
2020-02-14 09:04:50 INFO  CustomerController:48 - -1 Two
2020-02-14 09:04:50 INFO  CustomerController:48 - -1 Three
2020-02-14 09:04:50 INFO  CustomerController:70 - Which customer to update? (ID)
2020-02-14 09:04:50 INFO  CustomerController:72 - What's their new name? 
2020-02-14 09:04:50 INFO  CustomerController:75 - Update complete!
2020-02-14 09:04:50 INFO  CustomerController:97 - Which customer ID to access? 
2020-02-14 09:04:50 INFO  CustomerController:100 - 1 Bobby
2020-02-14 09:04:50 INFO  CustomerController:57 - Please enter a first name
2020-02-14 09:04:50 INFO  CustomerController:59 - Customer being created. 
2020-02-14 09:04:50 INFO  CustomerController:61 - Creation complete!
2020-02-14 09:04:50 INFO  CustomerController:84 - Please enter the id of the customer you would like to delete
2020-02-14 09:04:50 INFO  CustomerController:87 - Customer was deleted!
2020-02-14 09:04:50 INFO  CustomerController:84 - Please enter the id of the customer you would like to delete
2020-02-14 09:04:50 INFO  CustomerController:87 - Customer was deleted!
2020-02-14 09:04:50 INFO  ItemController:35 - -1 A 5.0
2020-02-14 09:04:50 INFO  ItemController:35 - -1 B 5.0
2020-02-14 09:04:50 INFO  ItemController:35 - -1 C 5.0
2020-02-14 09:04:50 INFO  ItemController:35 - -1 D 5.0
2020-02-14 09:04:50 INFO  ItemController:53 - Which item to update? (ID)
2020-02-14 09:04:50 INFO  ItemController:54 - Please only use numbers.
2020-02-14 09:04:50 INFO  ItemController:57 - What's their new name? 
2020-02-14 09:04:50 INFO  ItemController:58 - Please only use alphanumeric characters!
2020-02-14 09:04:50 INFO  ItemController:61 - What's their new price? 
2020-02-14 09:04:50 INFO  ItemController:62 - Please only use numbers and full stops.
2020-02-14 09:04:50 INFO  ItemController:67 - Update complete!
2020-02-14 09:04:50 INFO  ItemController:84 - Which item ID to access? 
2020-02-14 09:04:50 INFO  ItemController:85 - Please only use numbers.
2020-02-14 09:04:50 INFO  ItemController:89 - -1 Beer 5.0
2020-02-14 09:04:50 INFO  ItemController:41 - Please enter the name of the item.
2020-02-14 09:04:50 INFO  ItemController:42 - Please only use alphanumeric characters!
2020-02-14 09:04:50 INFO  ItemController:44 - What price should it have? 
2020-02-14 09:04:50 INFO  ItemController:45 - Please only use numbers and full stops.
2020-02-14 09:04:50 INFO  ItemController:48 - Item created.
2020-02-14 09:04:50 INFO  ItemController:72 - Please enter the id of the item you would like to delete: 
2020-02-14 09:04:50 INFO  ItemController:73 - Please only use numbers.
2020-02-14 09:04:50 INFO  ItemController:77 - Item was deleted!
2020-02-14 09:04:50 INFO  ItemController:72 - Please enter the id of the item you would like to delete: 
2020-02-14 09:04:50 INFO  ItemController:73 - Please only use numbers.
2020-02-14 09:04:50 INFO  ItemController:77 - Item was deleted!
2020-02-14 09:04:50 INFO  OrderController:65 - Order [id=1, price=25.0, customerId=2, items={-1 TestItem 5.0=5}]
2020-02-14 09:04:50 INFO  OrderController:65 - Order [id=2, price=25.0, customerId=5, items={-1 TestItem 5.0=5}]
2020-02-14 09:04:50 INFO  OrderController:65 - Order [id=7, price=25.0, customerId=2, items={-1 TestItem 5.0=5}]
2020-02-14 09:04:50 INFO  OrderController:65 - Order [id=100, price=25.0, customerId=50, items={-1 TestItem 5.0=5}]
2020-02-14 09:04:50 INFO  OrderController:83 - Which order would you like to update? (ID)
2020-02-14 09:04:50 INFO  OrderController:85 - Which customer made the order? (ID)
2020-02-14 09:04:50 INFO  OrderController:89 - Order was updated.
2020-02-14 09:04:50 INFO  OrderController:105 - Which order ID to access? 
2020-02-14 09:04:50 INFO  OrderController:108 - Order [id=1, price=25.0, customerId=2, items={-1 TestItem 5.0=5}]
2020-02-14 09:04:50 INFO  OrderController:72 - Please enter the customer's ID. 
2020-02-14 09:04:50 INFO  OrderController:76 - Order was created.
2020-02-14 09:04:50 INFO  OrderController:42 - To continue, press any key. To quit, (Q)uit.
2020-02-14 09:04:50 INFO  OrderController:48 - Item ID: 
2020-02-14 09:04:50 INFO  OrderController:52 - How many of this item? 
2020-02-14 09:04:50 INFO  OrderController:42 - To continue, press any key. To quit, (Q)uit.
2020-02-14 09:04:50 INFO  OrderController:96 - Which order would you like to delete? (ID)
2020-02-14 09:04:50 INFO  OrderController:99 - Order 1 was removed.
2020-02-14 09:04:50 INFO  OrderController:96 - Which order would you like to delete? (ID)
2020-02-14 09:04:50 INFO  OrderController:99 - Order 1 was removed.
2020-02-14 09:04:50 INFO  Ims:54 - Which entity would you like to use? 
2020-02-14 09:04:50 INFO  Domain:30 - CUSTOMER: Information about customers
2020-02-14 09:04:50 INFO  Domain:30 - ITEM: Individual Items
2020-02-14 09:04:50 INFO  Domain:30 - ORDER: Purchases of items
2020-02-14 09:04:50 INFO  Domain:30 - STOP: To close the application
2020-02-14 09:04:50 INFO  Ims:59 - What would you like to do with customer:
2020-02-14 09:04:50 INFO  Action:39 - CREATE: To save a new item into the database
2020-02-14 09:04:50 INFO  Action:39 - READALL: To read all items from the database
2020-02-14 09:04:50 INFO  Action:39 - READ: To read an item from the database
2020-02-14 09:04:50 INFO  Action:39 - UPDATE: To change an item already in the database
2020-02-14 09:04:50 INFO  Action:39 - DELETE: To remove an item from the database
2020-02-14 09:04:50 INFO  Action:39 - RETURN: To return to domain selection
2020-02-14 09:04:50 INFO  Ims:54 - Which entity would you like to use? 
2020-02-14 09:04:50 INFO  Domain:30 - CUSTOMER: Information about customers
2020-02-14 09:04:50 INFO  Domain:30 - ITEM: Individual Items
2020-02-14 09:04:50 INFO  Domain:30 - ORDER: Purchases of items
2020-02-14 09:04:50 INFO  Domain:30 - STOP: To close the application
2020-02-14 09:04:50 INFO  Ims:54 - Which entity would you like to use? 
2020-02-14 09:04:50 INFO  Domain:30 - CUSTOMER: Information about customers
2020-02-14 09:04:50 INFO  Domain:30 - ITEM: Individual Items
2020-02-14 09:04:50 INFO  Domain:30 - ORDER: Purchases of items
2020-02-14 09:04:50 INFO  Domain:30 - STOP: To close the application
2020-02-14 09:04:50 INFO  Ims:59 - What would you like to do with item:
2020-02-14 09:04:50 INFO  Action:39 - CREATE: To save a new item into the database
2020-02-14 09:04:50 INFO  Action:39 - READALL: To read all items from the database
2020-02-14 09:04:50 INFO  Action:39 - READ: To read an item from the database
2020-02-14 09:04:50 INFO  Action:39 - UPDATE: To change an item already in the database
2020-02-14 09:04:50 INFO  Action:39 - DELETE: To remove an item from the database
2020-02-14 09:04:50 INFO  Action:39 - RETURN: To return to domain selection
2020-02-14 09:04:50 INFO  Ims:54 - Which entity would you like to use? 
2020-02-14 09:04:50 INFO  Domain:30 - CUSTOMER: Information about customers
2020-02-14 09:04:50 INFO  Domain:30 - ITEM: Individual Items
2020-02-14 09:04:50 INFO  Domain:30 - ORDER: Purchases of items
2020-02-14 09:04:50 INFO  Domain:30 - STOP: To close the application
2020-02-14 09:04:50 INFO  Ims:54 - Which entity would you like to use? 
2020-02-14 09:04:50 INFO  Domain:30 - CUSTOMER: Information about customers
2020-02-14 09:04:50 INFO  Domain:30 - ITEM: Individual Items
2020-02-14 09:04:50 INFO  Domain:30 - ORDER: Purchases of items
2020-02-14 09:04:50 INFO  Domain:30 - STOP: To close the application
2020-02-14 09:04:50 INFO  Ims:59 - What would you like to do with order:
2020-02-14 09:04:50 INFO  Action:39 - CREATE: To save a new item into the database
2020-02-14 09:04:50 INFO  Action:39 - READALL: To read all items from the database
2020-02-14 09:04:50 INFO  Action:39 - READ: To read an item from the database
2020-02-14 09:04:50 INFO  Action:39 - UPDATE: To change an item already in the database
2020-02-14 09:04:50 INFO  Action:39 - DELETE: To remove an item from the database
2020-02-14 09:04:50 INFO  Action:39 - RETURN: To return to domain selection
2020-02-14 09:04:50 INFO  Ims:54 - Which entity would you like to use? 
2020-02-14 09:04:50 INFO  Domain:30 - CUSTOMER: Information about customers
2020-02-14 09:04:50 INFO  Domain:30 - ITEM: Individual Items
2020-02-14 09:04:50 INFO  Domain:30 - ORDER: Purchases of items
2020-02-14 09:04:50 INFO  Domain:30 - STOP: To close the application
2020-02-14 09:04:50 INFO  Ims:54 - Which entity would you like to use? 
2020-02-14 09:04:50 INFO  Domain:30 - CUSTOMER: Information about customers
2020-02-14 09:04:50 INFO  Domain:30 - ITEM: Individual Items
2020-02-14 09:04:50 INFO  Domain:30 - ORDER: Purchases of items
2020-02-14 09:04:50 INFO  Domain:30 - STOP: To close the application
2020-02-14 09:04:51 ERROR MysqlCustomerDao:20 - Error in Utils.exceptionLogger: 
2020-02-14 09:04:51 ERROR MysqlCustomerDao:21 - 
2020-02-14 09:04:51 WARN  MysqlCustomerDao:94 - Customer with ID does not exist!
2020-02-14 09:04:51 ERROR MysqlCustomerDao:20 - Error in Utils.exceptionLogger: 
2020-02-14 09:04:51 ERROR MysqlCustomerDao:21 - 
2020-02-14 09:04:51 ERROR MysqlCustomerDao:20 - Error in Utils.exceptionLogger: 
2020-02-14 09:04:51 ERROR MysqlCustomerDao:21 - 
2020-02-14 09:04:51 INFO  MysqlCustomerDao:66 - Added customer: 1 One!
2020-02-14 09:04:51 ERROR MysqlCustomerDao:20 - Error in Utils.exceptionLogger: 
2020-02-14 09:04:51 ERROR MysqlCustomerDao:21 - 
2020-02-14 09:04:51 WARN  MysqlCustomerDao:43 - There is no customer yet!
2020-02-14 09:04:51 ERROR MysqlCustomerDao:20 - Error in Utils.exceptionLogger: 
2020-02-14 09:04:51 ERROR MysqlCustomerDao:21 - 
2020-02-14 09:04:51 ERROR MysqlCustomerDao:48 - 
2020-02-14 09:04:51 ERROR MysqlCustomerDao:20 - Error in Utils.exceptionLogger: 
2020-02-14 09:04:51 ERROR MysqlCustomerDao:21 - 
2020-02-14 09:04:51 WARN  MysqlCustomerDao:94 - Customer with ID does not exist!
2020-02-14 09:04:51 ERROR MysqlCustomerDao:20 - Error in Utils.exceptionLogger: 
2020-02-14 09:04:51 ERROR MysqlCustomerDao:21 - 
2020-02-14 09:04:51 ERROR MysqlItemDao:20 - Error in Utils.exceptionLogger: 
2020-02-14 09:04:51 ERROR MysqlItemDao:21 - 
2020-02-14 09:04:51 WARN  MysqlItemDao:46 - There is no order yet!
2020-02-14 09:04:51 ERROR MysqlItemDao:20 - Error in Utils.exceptionLogger: 
2020-02-14 09:04:51 ERROR MysqlItemDao:21 - 
2020-02-14 09:04:51 ERROR MysqlItemDao:20 - Error in Utils.exceptionLogger: 
2020-02-14 09:04:51 ERROR MysqlItemDao:21 - 
2020-02-14 09:04:51 ERROR MysqlItemDao:20 - Error in Utils.exceptionLogger: 
2020-02-14 09:04:51 ERROR MysqlItemDao:21 - 
2020-02-14 09:04:51 ERROR MysqlItemDao:20 - Error in Utils.exceptionLogger: 
2020-02-14 09:04:51 ERROR MysqlItemDao:21 - 
2020-02-14 09:04:51 ERROR MysqlItemDao:20 - Error in Utils.exceptionLogger: 
2020-02-14 09:04:51 ERROR MysqlItemDao:21 - 
2020-02-14 09:04:51 ERROR MysqlItemDao:20 - Error in Utils.exceptionLogger: 
2020-02-14 09:04:51 ERROR MysqlItemDao:21 - 
2020-02-14 09:04:51 ERROR MysqlItemDao:20 - Error in Utils.exceptionLogger: 
2020-02-14 09:04:51 ERROR MysqlItemDao:21 - 
2020-02-14 09:04:51 ERROR MysqlOrderDao:20 - Error in Utils.exceptionLogger: 
2020-02-14 09:04:51 ERROR MysqlOrderDao:21 - 
2020-02-14 09:04:51 ERROR MysqlOrderDao:60 - 
2020-02-14 09:04:51 ERROR MysqlOrderDao:20 - Error in Utils.exceptionLogger: 
2020-02-14 09:04:51 ERROR MysqlOrderDao:21 - 
2020-02-14 09:04:51 WARN  MysqlOrderDao:155 - Order with ID does not exist!
2020-02-14 09:04:51 ERROR MysqlOrderDao:20 - Error in Utils.exceptionLogger: 
2020-02-14 09:04:51 ERROR MysqlOrderDao:21 - 
2020-02-14 09:04:51 WARN  MysqlOrderDao:55 - There is no order yet!
2020-02-14 09:04:51 ERROR MysqlOrderDao:20 - Error in Utils.exceptionLogger: 
2020-02-14 09:04:51 ERROR MysqlOrderDao:21 - 
2020-02-14 09:04:51 ERROR MysqlOrderDao:20 - Error in Utils.exceptionLogger: 
2020-02-14 09:04:51 ERROR MysqlOrderDao:21 - 
2020-02-14 09:04:51 ERROR Connector:20 - Error in Utils.exceptionLogger: 
2020-02-14 09:04:51 ERROR Connector:21 - 
2020-02-14 09:04:51 INFO  Loginner:21 - What is your password? 
2020-02-14 09:04:51 INFO  Utils:43 - Please only use alphanumerics, spaces, and full stops.
2020-02-14 09:10:00 ERROR MysqlCustomerDao:20 - Error in Utils.exceptionLogger: 
2020-02-14 09:10:00 ERROR MysqlCustomerDao:21 - 
2020-02-14 09:10:00 WARN  MysqlCustomerDao:94 - Customer with ID does not exist!
2020-02-14 09:10:00 ERROR MysqlCustomerDao:20 - Error in Utils.exceptionLogger: 
2020-02-14 09:10:00 ERROR MysqlCustomerDao:21 - 
2020-02-14 09:10:00 ERROR MysqlCustomerDao:20 - Error in Utils.exceptionLogger: 
2020-02-14 09:10:00 ERROR MysqlCustomerDao:21 - 
2020-02-14 09:10:00 INFO  MysqlCustomerDao:66 - Added customer: 1 One!
2020-02-14 09:10:00 ERROR MysqlCustomerDao:20 - Error in Utils.exceptionLogger: 
2020-02-14 09:10:00 ERROR MysqlCustomerDao:21 - 
2020-02-14 09:10:00 WARN  MysqlCustomerDao:43 - There is no customer yet!
2020-02-14 09:10:00 ERROR MysqlCustomerDao:20 - Error in Utils.exceptionLogger: 
2020-02-14 09:10:00 ERROR MysqlCustomerDao:21 - 
2020-02-14 09:10:00 ERROR MysqlCustomerDao:48 - 
2020-02-14 09:10:00 ERROR MysqlCustomerDao:20 - Error in Utils.exceptionLogger: 
2020-02-14 09:10:00 ERROR MysqlCustomerDao:21 - 
2020-02-14 09:10:00 WARN  MysqlCustomerDao:94 - Customer with ID does not exist!
2020-02-14 09:10:00 ERROR MysqlCustomerDao:20 - Error in Utils.exceptionLogger: 
2020-02-14 09:10:00 ERROR MysqlCustomerDao:21 - 
2020-02-14 09:10:07 INFO  Loginner:21 - What is your password? 
2020-02-14 09:10:08 INFO  CustomerController:48 - -1 Chris
2020-02-14 09:10:08 INFO  CustomerController:48 - -1 Rhys
2020-02-14 09:10:08 INFO  CustomerController:48 - -1 Nic
2020-02-14 09:10:08 INFO  CustomerController:48 - -1 One
2020-02-14 09:10:08 INFO  CustomerController:48 - -1 Two
2020-02-14 09:10:08 INFO  CustomerController:48 - -1 Three
2020-02-14 09:10:08 INFO  CustomerController:70 - Which customer to update? (ID)
2020-02-14 09:10:08 INFO  CustomerController:72 - What's their new name? 
2020-02-14 09:10:08 INFO  CustomerController:75 - Update complete!
2020-02-14 09:10:08 INFO  CustomerController:97 - Which customer ID to access? 
2020-02-14 09:10:08 INFO  CustomerController:100 - 1 Bobby
2020-02-14 09:10:08 INFO  CustomerController:57 - Please enter a first name
2020-02-14 09:10:08 INFO  CustomerController:59 - Customer being created. 
2020-02-14 09:10:08 INFO  CustomerController:61 - Creation complete!
2020-02-14 09:10:08 INFO  CustomerController:84 - Please enter the id of the customer you would like to delete
2020-02-14 09:10:08 INFO  CustomerController:87 - Customer was deleted!
2020-02-14 09:10:08 INFO  CustomerController:84 - Please enter the id of the customer you would like to delete
2020-02-14 09:10:08 INFO  CustomerController:87 - Customer was deleted!
2020-02-14 09:10:08 ERROR MysqlOrderDao:20 - Error in Utils.exceptionLogger: 
2020-02-14 09:10:08 ERROR MysqlOrderDao:21 - 
2020-02-14 09:10:08 ERROR MysqlOrderDao:60 - 
2020-02-14 09:10:08 ERROR MysqlOrderDao:20 - Error in Utils.exceptionLogger: 
2020-02-14 09:10:08 ERROR MysqlOrderDao:21 - 
2020-02-14 09:10:08 WARN  MysqlOrderDao:155 - Order with ID does not exist!
2020-02-14 09:10:08 ERROR MysqlOrderDao:20 - Error in Utils.exceptionLogger: 
2020-02-14 09:10:08 ERROR MysqlOrderDao:21 - 
2020-02-14 09:10:08 WARN  MysqlOrderDao:55 - There is no order yet!
2020-02-14 09:10:08 ERROR MysqlOrderDao:20 - Error in Utils.exceptionLogger: 
2020-02-14 09:10:08 ERROR MysqlOrderDao:21 - 
2020-02-14 09:10:08 ERROR MysqlOrderDao:20 - Error in Utils.exceptionLogger: 
2020-02-14 09:10:08 ERROR MysqlOrderDao:21 - 
2020-02-14 09:10:08 ERROR MysqlCustomerDao:20 - Error in Utils.exceptionLogger: 
2020-02-14 09:10:08 ERROR MysqlCustomerDao:21 - 
2020-02-14 09:10:08 WARN  MysqlCustomerDao:94 - Customer with ID does not exist!
2020-02-14 09:10:08 ERROR MysqlCustomerDao:20 - Error in Utils.exceptionLogger: 
2020-02-14 09:10:08 ERROR MysqlCustomerDao:21 - 
2020-02-14 09:10:08 ERROR MysqlCustomerDao:20 - Error in Utils.exceptionLogger: 
2020-02-14 09:10:08 ERROR MysqlCustomerDao:21 - 
2020-02-14 09:10:08 INFO  MysqlCustomerDao:66 - Added customer: 1 One!
2020-02-14 09:10:08 ERROR MysqlCustomerDao:20 - Error in Utils.exceptionLogger: 
2020-02-14 09:10:08 ERROR MysqlCustomerDao:21 - 
2020-02-14 09:10:08 WARN  MysqlCustomerDao:43 - There is no customer yet!
2020-02-14 09:10:08 ERROR MysqlCustomerDao:20 - Error in Utils.exceptionLogger: 
2020-02-14 09:10:08 ERROR MysqlCustomerDao:21 - 
2020-02-14 09:10:08 ERROR MysqlCustomerDao:48 - 
2020-02-14 09:10:08 ERROR MysqlCustomerDao:20 - Error in Utils.exceptionLogger: 
2020-02-14 09:10:08 ERROR MysqlCustomerDao:21 - 
2020-02-14 09:10:08 WARN  MysqlCustomerDao:94 - Customer with ID does not exist!
2020-02-14 09:10:08 ERROR MysqlCustomerDao:20 - Error in Utils.exceptionLogger: 
2020-02-14 09:10:08 ERROR MysqlCustomerDao:21 - 
2020-02-14 09:10:08 ERROR MysqlItemDao:20 - Error in Utils.exceptionLogger: 
2020-02-14 09:10:08 ERROR MysqlItemDao:21 - 
2020-02-14 09:10:08 WARN  MysqlItemDao:46 - There is no order yet!
2020-02-14 09:10:08 ERROR MysqlItemDao:20 - Error in Utils.exceptionLogger: 
2020-02-14 09:10:08 ERROR MysqlItemDao:21 - 
2020-02-14 09:10:08 ERROR MysqlItemDao:20 - Error in Utils.exceptionLogger: 
2020-02-14 09:10:08 ERROR MysqlItemDao:21 - 
2020-02-14 09:10:08 ERROR MysqlItemDao:20 - Error in Utils.exceptionLogger: 
2020-02-14 09:10:08 ERROR MysqlItemDao:21 - 
2020-02-14 09:10:08 ERROR MysqlItemDao:20 - Error in Utils.exceptionLogger: 
2020-02-14 09:10:08 ERROR MysqlItemDao:21 - 
2020-02-14 09:10:08 ERROR MysqlItemDao:20 - Error in Utils.exceptionLogger: 
2020-02-14 09:10:08 ERROR MysqlItemDao:21 - 
2020-02-14 09:10:08 ERROR MysqlItemDao:20 - Error in Utils.exceptionLogger: 
2020-02-14 09:10:08 ERROR MysqlItemDao:21 - 
2020-02-14 09:10:08 ERROR MysqlItemDao:20 - Error in Utils.exceptionLogger: 
2020-02-14 09:10:08 ERROR MysqlItemDao:21 - 
2020-02-14 09:10:08 ERROR Connector:20 - Error in Utils.exceptionLogger: 
2020-02-14 09:10:08 ERROR Connector:21 - 
2020-02-14 09:10:08 INFO  ItemController:35 - -1 A 5.0
2020-02-14 09:10:08 INFO  ItemController:35 - -1 B 5.0
2020-02-14 09:10:08 INFO  ItemController:35 - -1 C 5.0
2020-02-14 09:10:08 INFO  ItemController:35 - -1 D 5.0
2020-02-14 09:10:08 INFO  ItemController:53 - Which item to update? (ID)
2020-02-14 09:10:08 INFO  ItemController:54 - Please only use numbers.
2020-02-14 09:10:08 INFO  ItemController:57 - What's their new name? 
2020-02-14 09:10:08 INFO  ItemController:58 - Please only use alphanumeric characters!
2020-02-14 09:10:08 INFO  ItemController:61 - What's their new price? 
2020-02-14 09:10:08 INFO  ItemController:62 - Please only use numbers and full stops.
2020-02-14 09:10:08 INFO  ItemController:67 - Update complete!
2020-02-14 09:10:08 INFO  ItemController:84 - Which item ID to access? 
2020-02-14 09:10:08 INFO  ItemController:85 - Please only use numbers.
2020-02-14 09:10:08 INFO  ItemController:89 - -1 Beer 5.0
2020-02-14 09:10:08 INFO  ItemController:41 - Please enter the name of the item.
2020-02-14 09:10:08 INFO  ItemController:42 - Please only use alphanumeric characters!
2020-02-14 09:10:08 INFO  ItemController:44 - What price should it have? 
2020-02-14 09:10:08 INFO  ItemController:45 - Please only use numbers and full stops.
2020-02-14 09:10:08 INFO  ItemController:48 - Item created.
2020-02-14 09:10:08 INFO  ItemController:72 - Please enter the id of the item you would like to delete: 
2020-02-14 09:10:08 INFO  ItemController:73 - Please only use numbers.
2020-02-14 09:10:08 INFO  ItemController:77 - Item was deleted!
2020-02-14 09:10:08 INFO  ItemController:72 - Please enter the id of the item you would like to delete: 
2020-02-14 09:10:08 INFO  ItemController:73 - Please only use numbers.
2020-02-14 09:10:08 INFO  ItemController:77 - Item was deleted!
2020-02-14 09:10:08 INFO  Ims:54 - Which entity would you like to use? 
2020-02-14 09:10:08 INFO  Domain:30 - CUSTOMER: Information about customers
2020-02-14 09:10:08 INFO  Domain:30 - ITEM: Individual Items
2020-02-14 09:10:08 INFO  Domain:30 - ORDER: Purchases of items
2020-02-14 09:10:08 INFO  Domain:30 - STOP: To close the application
2020-02-14 09:10:08 INFO  Ims:59 - What would you like to do with customer:
2020-02-14 09:10:08 INFO  Action:39 - CREATE: To save a new item into the database
2020-02-14 09:10:08 INFO  Action:39 - READALL: To read all items from the database
2020-02-14 09:10:08 INFO  Action:39 - READ: To read an item from the database
2020-02-14 09:10:08 INFO  Action:39 - UPDATE: To change an item already in the database
2020-02-14 09:10:08 INFO  Action:39 - DELETE: To remove an item from the database
2020-02-14 09:10:08 INFO  Action:39 - RETURN: To return to domain selection
2020-02-14 09:10:08 INFO  Ims:54 - Which entity would you like to use? 
2020-02-14 09:10:08 INFO  Domain:30 - CUSTOMER: Information about customers
2020-02-14 09:10:08 INFO  Domain:30 - ITEM: Individual Items
2020-02-14 09:10:08 INFO  Domain:30 - ORDER: Purchases of items
2020-02-14 09:10:08 INFO  Domain:30 - STOP: To close the application
2020-02-14 09:10:08 INFO  Ims:54 - Which entity would you like to use? 
2020-02-14 09:10:08 INFO  Domain:30 - CUSTOMER: Information about customers
2020-02-14 09:10:08 INFO  Domain:30 - ITEM: Individual Items
2020-02-14 09:10:08 INFO  Domain:30 - ORDER: Purchases of items
2020-02-14 09:10:08 INFO  Domain:30 - STOP: To close the application
2020-02-14 09:10:08 INFO  Ims:59 - What would you like to do with item:
2020-02-14 09:10:08 INFO  Action:39 - CREATE: To save a new item into the database
2020-02-14 09:10:08 INFO  Action:39 - READALL: To read all items from the database
2020-02-14 09:10:08 INFO  Action:39 - READ: To read an item from the database
2020-02-14 09:10:08 INFO  Action:39 - UPDATE: To change an item already in the database
2020-02-14 09:10:08 INFO  Action:39 - DELETE: To remove an item from the database
2020-02-14 09:10:08 INFO  Action:39 - RETURN: To return to domain selection
2020-02-14 09:10:08 INFO  Ims:54 - Which entity would you like to use? 
2020-02-14 09:10:08 INFO  Domain:30 - CUSTOMER: Information about customers
2020-02-14 09:10:08 INFO  Domain:30 - ITEM: Individual Items
2020-02-14 09:10:08 INFO  Domain:30 - ORDER: Purchases of items
2020-02-14 09:10:08 INFO  Domain:30 - STOP: To close the application
2020-02-14 09:10:08 INFO  Ims:54 - Which entity would you like to use? 
2020-02-14 09:10:08 INFO  Domain:30 - CUSTOMER: Information about customers
2020-02-14 09:10:08 INFO  Domain:30 - ITEM: Individual Items
2020-02-14 09:10:08 INFO  Domain:30 - ORDER: Purchases of items
2020-02-14 09:10:08 INFO  Domain:30 - STOP: To close the application
2020-02-14 09:10:08 INFO  Ims:59 - What would you like to do with order:
2020-02-14 09:10:08 INFO  Action:39 - CREATE: To save a new item into the database
2020-02-14 09:10:08 INFO  Action:39 - READALL: To read all items from the database
2020-02-14 09:10:08 INFO  Action:39 - READ: To read an item from the database
2020-02-14 09:10:08 INFO  Action:39 - UPDATE: To change an item already in the database
2020-02-14 09:10:08 INFO  Action:39 - DELETE: To remove an item from the database
2020-02-14 09:10:08 INFO  Action:39 - RETURN: To return to domain selection
2020-02-14 09:10:08 INFO  Ims:54 - Which entity would you like to use? 
2020-02-14 09:10:08 INFO  Domain:30 - CUSTOMER: Information about customers
2020-02-14 09:10:08 INFO  Domain:30 - ITEM: Individual Items
2020-02-14 09:10:08 INFO  Domain:30 - ORDER: Purchases of items
2020-02-14 09:10:08 INFO  Domain:30 - STOP: To close the application
2020-02-14 09:10:08 INFO  Ims:54 - Which entity would you like to use? 
2020-02-14 09:10:08 INFO  Domain:30 - CUSTOMER: Information about customers
2020-02-14 09:10:08 INFO  Domain:30 - ITEM: Individual Items
2020-02-14 09:10:08 INFO  Domain:30 - ORDER: Purchases of items
2020-02-14 09:10:08 INFO  Domain:30 - STOP: To close the application
2020-02-14 09:10:08 INFO  OrderController:65 - Order [id=1, price=25.0, customerId=2, items={-1 TestItem 5.0=5}]
2020-02-14 09:10:08 INFO  OrderController:65 - Order [id=2, price=25.0, customerId=5, items={-1 TestItem 5.0=5}]
2020-02-14 09:10:08 INFO  OrderController:65 - Order [id=7, price=25.0, customerId=2, items={-1 TestItem 5.0=5}]
2020-02-14 09:10:08 INFO  OrderController:65 - Order [id=100, price=25.0, customerId=50, items={-1 TestItem 5.0=5}]
2020-02-14 09:10:08 INFO  OrderController:83 - Which order would you like to update? (ID)
2020-02-14 09:10:08 INFO  OrderController:85 - Which customer made the order? (ID)
2020-02-14 09:10:08 INFO  OrderController:89 - Order was updated.
2020-02-14 09:10:08 INFO  OrderController:105 - Which order ID to access? 
2020-02-14 09:10:08 INFO  OrderController:108 - Order [id=1, price=25.0, customerId=2, items={-1 TestItem 5.0=5}]
2020-02-14 09:10:08 INFO  OrderController:72 - Please enter the customer's ID. 
2020-02-14 09:10:08 INFO  OrderController:76 - Order was created.
2020-02-14 09:10:08 INFO  OrderController:42 - To continue, press any key. To quit, (Q)uit.
2020-02-14 09:10:08 INFO  OrderController:48 - Item ID: 
2020-02-14 09:10:08 INFO  OrderController:52 - How many of this item? 
2020-02-14 09:10:08 INFO  OrderController:42 - To continue, press any key. To quit, (Q)uit.
2020-02-14 09:10:08 INFO  OrderController:96 - Which order would you like to delete? (ID)
2020-02-14 09:10:08 INFO  OrderController:99 - Order 1 was removed.
2020-02-14 09:10:08 INFO  OrderController:96 - Which order would you like to delete? (ID)
2020-02-14 09:10:08 INFO  OrderController:99 - Order 1 was removed.
2020-02-14 09:10:08 INFO  Utils:43 - Please only use alphanumerics, spaces, and full stops.
2020-02-14 09:10:38 WARN  MysqlCustomerDao:94 - Customer with ID does not exist!
2020-02-14 09:10:38 INFO  MysqlCustomerDao:66 - Added customer: -1 Bobby T.
2020-02-14 09:10:38 INFO  MysqlCustomerDao:66 - Added customer: -1 One!
2020-02-14 09:10:38 INFO  MysqlCustomerDao:66 - Added customer: -1 Bobby Tables
2020-02-14 09:24:18 INFO  MysqlCustomerDao:66 - Added customer: -1 One!
2020-02-14 09:24:25 INFO  MysqlCustomerDao:66 - Added customer: -1 One!
2020-02-14 09:27:16 INFO  MysqlCustomerDao:66 - Added customer: -1 One!
2020-02-14 09:30:03 INFO  MysqlCustomerDao:66 - Added customer: -1 One!
2020-02-14 09:39:57 INFO  Loginner:21 - What is your password? 
2020-02-14 09:39:57 INFO  MysqlCustomerDao:66 - Added customer: -1 One!
2020-02-14 09:39:58 INFO  CustomerController:48 - -1 Chris
2020-02-14 09:39:58 INFO  CustomerController:48 - -1 Rhys
2020-02-14 09:39:58 INFO  CustomerController:48 - -1 Nic
2020-02-14 09:39:58 INFO  CustomerController:48 - -1 One
2020-02-14 09:39:58 INFO  CustomerController:48 - -1 Two
2020-02-14 09:39:58 INFO  CustomerController:48 - -1 Three
2020-02-14 09:39:58 INFO  CustomerController:70 - Which customer to update? (ID)
2020-02-14 09:39:58 INFO  CustomerController:72 - What's their new name? 
2020-02-14 09:39:58 INFO  CustomerController:75 - Update complete!
2020-02-14 09:39:58 INFO  CustomerController:97 - Which customer ID to access? 
2020-02-14 09:39:58 INFO  CustomerController:100 - 1 Bobby
2020-02-14 09:39:58 INFO  CustomerController:57 - Please enter a first name
2020-02-14 09:39:58 INFO  CustomerController:59 - Customer being created. 
2020-02-14 09:39:58 INFO  CustomerController:61 - Creation complete!
2020-02-14 09:39:58 INFO  CustomerController:84 - Please enter the id of the customer you would like to delete
2020-02-14 09:39:58 INFO  CustomerController:87 - Customer was deleted!
2020-02-14 09:39:58 INFO  CustomerController:84 - Please enter the id of the customer you would like to delete
2020-02-14 09:39:58 INFO  CustomerController:87 - Customer was deleted!
2020-02-14 09:39:58 ERROR MysqlOrderDao:20 - Error in Utils.exceptionLogger: 
2020-02-14 09:39:58 ERROR MysqlOrderDao:21 - 
2020-02-14 09:39:58 ERROR MysqlOrderDao:60 - 
2020-02-14 09:39:58 ERROR MysqlOrderDao:20 - Error in Utils.exceptionLogger: 
2020-02-14 09:39:58 ERROR MysqlOrderDao:21 - 
2020-02-14 09:39:58 WARN  MysqlOrderDao:155 - Order with ID does not exist!
2020-02-14 09:39:58 ERROR MysqlOrderDao:20 - Error in Utils.exceptionLogger: 
2020-02-14 09:39:58 ERROR MysqlOrderDao:21 - 
2020-02-14 09:39:58 WARN  MysqlOrderDao:55 - There is no order yet!
2020-02-14 09:39:58 ERROR MysqlOrderDao:20 - Error in Utils.exceptionLogger: 
2020-02-14 09:39:58 ERROR MysqlOrderDao:21 - 
2020-02-14 09:39:58 ERROR MysqlOrderDao:20 - Error in Utils.exceptionLogger: 
2020-02-14 09:39:58 ERROR MysqlOrderDao:21 - 
2020-02-14 09:39:58 WARN  MysqlCustomerDao:94 - Customer with ID does not exist!
2020-02-14 09:39:58 INFO  MysqlCustomerDao:66 - Added customer: -1 Bobby T.
2020-02-14 09:39:58 INFO  MysqlCustomerDao:66 - Added customer: -1 One!
2020-02-14 09:39:58 INFO  MysqlCustomerDao:66 - Added customer: -1 Bobby Tables
2020-02-14 09:39:58 ERROR MysqlCustomerDao:20 - Error in Utils.exceptionLogger: 
2020-02-14 09:39:58 ERROR MysqlCustomerDao:21 - 
2020-02-14 09:39:58 WARN  MysqlCustomerDao:94 - Customer with ID does not exist!
2020-02-14 09:39:58 ERROR MysqlCustomerDao:20 - Error in Utils.exceptionLogger: 
2020-02-14 09:39:58 ERROR MysqlCustomerDao:21 - 
2020-02-14 09:39:58 ERROR MysqlCustomerDao:20 - Error in Utils.exceptionLogger: 
2020-02-14 09:39:58 ERROR MysqlCustomerDao:21 - 
2020-02-14 09:39:58 INFO  MysqlCustomerDao:66 - Added customer: 1 One!
2020-02-14 09:39:58 ERROR MysqlCustomerDao:20 - Error in Utils.exceptionLogger: 
2020-02-14 09:39:58 ERROR MysqlCustomerDao:21 - 
2020-02-14 09:39:58 WARN  MysqlCustomerDao:43 - There is no customer yet!
2020-02-14 09:39:58 ERROR MysqlCustomerDao:20 - Error in Utils.exceptionLogger: 
2020-02-14 09:39:58 ERROR MysqlCustomerDao:21 - 
2020-02-14 09:39:58 ERROR MysqlCustomerDao:48 - 
2020-02-14 09:39:58 ERROR MysqlCustomerDao:20 - Error in Utils.exceptionLogger: 
2020-02-14 09:39:58 ERROR MysqlCustomerDao:21 - 
2020-02-14 09:39:58 WARN  MysqlCustomerDao:94 - Customer with ID does not exist!
2020-02-14 09:39:58 ERROR MysqlCustomerDao:20 - Error in Utils.exceptionLogger: 
2020-02-14 09:39:58 ERROR MysqlCustomerDao:21 - 
2020-02-14 09:39:58 ERROR MysqlItemDao:20 - Error in Utils.exceptionLogger: 
2020-02-14 09:39:58 ERROR MysqlItemDao:21 - 
2020-02-14 09:39:58 WARN  MysqlItemDao:46 - There is no order yet!
2020-02-14 09:39:58 ERROR MysqlItemDao:20 - Error in Utils.exceptionLogger: 
2020-02-14 09:39:58 ERROR MysqlItemDao:21 - 
2020-02-14 09:39:58 ERROR MysqlItemDao:20 - Error in Utils.exceptionLogger: 
2020-02-14 09:39:58 ERROR MysqlItemDao:21 - 
2020-02-14 09:39:58 ERROR MysqlItemDao:20 - Error in Utils.exceptionLogger: 
2020-02-14 09:39:58 ERROR MysqlItemDao:21 - 
2020-02-14 09:39:58 ERROR MysqlItemDao:20 - Error in Utils.exceptionLogger: 
2020-02-14 09:39:58 ERROR MysqlItemDao:21 - 
2020-02-14 09:39:58 ERROR MysqlItemDao:20 - Error in Utils.exceptionLogger: 
2020-02-14 09:39:58 ERROR MysqlItemDao:21 - 
2020-02-14 09:39:58 ERROR MysqlItemDao:20 - Error in Utils.exceptionLogger: 
2020-02-14 09:39:58 ERROR MysqlItemDao:21 - 
2020-02-14 09:39:58 ERROR MysqlItemDao:20 - Error in Utils.exceptionLogger: 
2020-02-14 09:39:58 ERROR MysqlItemDao:21 - 
2020-02-14 09:39:58 ERROR Connector:20 - Error in Utils.exceptionLogger: 
2020-02-14 09:39:58 ERROR Connector:21 - 
2020-02-14 09:39:58 INFO  ItemController:35 - -1 A 5.0
2020-02-14 09:39:58 INFO  ItemController:35 - -1 B 5.0
2020-02-14 09:39:58 INFO  ItemController:35 - -1 C 5.0
2020-02-14 09:39:58 INFO  ItemController:35 - -1 D 5.0
2020-02-14 09:39:58 INFO  ItemController:53 - Which item to update? (ID)
2020-02-14 09:39:58 INFO  ItemController:54 - Please only use numbers.
2020-02-14 09:39:58 INFO  ItemController:57 - What's their new name? 
2020-02-14 09:39:58 INFO  ItemController:58 - Please only use alphanumeric characters!
2020-02-14 09:39:58 INFO  ItemController:61 - What's their new price? 
2020-02-14 09:39:58 INFO  ItemController:62 - Please only use numbers and full stops.
2020-02-14 09:39:58 INFO  ItemController:67 - Update complete!
2020-02-14 09:39:58 INFO  ItemController:84 - Which item ID to access? 
2020-02-14 09:39:58 INFO  ItemController:85 - Please only use numbers.
2020-02-14 09:39:58 INFO  ItemController:89 - -1 Beer 5.0
2020-02-14 09:39:58 INFO  ItemController:41 - Please enter the name of the item.
2020-02-14 09:39:58 INFO  ItemController:42 - Please only use alphanumeric characters!
2020-02-14 09:39:58 INFO  ItemController:44 - What price should it have? 
2020-02-14 09:39:58 INFO  ItemController:45 - Please only use numbers and full stops.
2020-02-14 09:39:58 INFO  ItemController:48 - Item created.
2020-02-14 09:39:58 INFO  ItemController:72 - Please enter the id of the item you would like to delete: 
2020-02-14 09:39:58 INFO  ItemController:73 - Please only use numbers.
2020-02-14 09:39:58 INFO  ItemController:77 - Item was deleted!
2020-02-14 09:39:58 INFO  ItemController:72 - Please enter the id of the item you would like to delete: 
2020-02-14 09:39:58 INFO  ItemController:73 - Please only use numbers.
2020-02-14 09:39:58 INFO  ItemController:77 - Item was deleted!
2020-02-14 09:39:58 INFO  Ims:54 - Which entity would you like to use? 
2020-02-14 09:39:58 INFO  Domain:30 - CUSTOMER: Information about customers
2020-02-14 09:39:58 INFO  Domain:30 - ITEM: Individual Items
2020-02-14 09:39:58 INFO  Domain:30 - ORDER: Purchases of items
2020-02-14 09:39:58 INFO  Domain:30 - STOP: To close the application
2020-02-14 09:39:58 INFO  Ims:59 - What would you like to do with customer:
2020-02-14 09:39:58 INFO  Action:39 - CREATE: To save a new item into the database
2020-02-14 09:39:58 INFO  Action:39 - READALL: To read all items from the database
2020-02-14 09:39:58 INFO  Action:39 - READ: To read an item from the database
2020-02-14 09:39:58 INFO  Action:39 - UPDATE: To change an item already in the database
2020-02-14 09:39:58 INFO  Action:39 - DELETE: To remove an item from the database
2020-02-14 09:39:58 INFO  Action:39 - RETURN: To return to domain selection
2020-02-14 09:39:58 INFO  Ims:54 - Which entity would you like to use? 
2020-02-14 09:39:58 INFO  Domain:30 - CUSTOMER: Information about customers
2020-02-14 09:39:58 INFO  Domain:30 - ITEM: Individual Items
2020-02-14 09:39:58 INFO  Domain:30 - ORDER: Purchases of items
2020-02-14 09:39:58 INFO  Domain:30 - STOP: To close the application
2020-02-14 09:39:58 INFO  Ims:54 - Which entity would you like to use? 
2020-02-14 09:39:58 INFO  Domain:30 - CUSTOMER: Information about customers
2020-02-14 09:39:58 INFO  Domain:30 - ITEM: Individual Items
2020-02-14 09:39:58 INFO  Domain:30 - ORDER: Purchases of items
2020-02-14 09:39:58 INFO  Domain:30 - STOP: To close the application
2020-02-14 09:39:58 INFO  Ims:59 - What would you like to do with item:
2020-02-14 09:39:58 INFO  Action:39 - CREATE: To save a new item into the database
2020-02-14 09:39:58 INFO  Action:39 - READALL: To read all items from the database
2020-02-14 09:39:58 INFO  Action:39 - READ: To read an item from the database
2020-02-14 09:39:58 INFO  Action:39 - UPDATE: To change an item already in the database
2020-02-14 09:39:58 INFO  Action:39 - DELETE: To remove an item from the database
2020-02-14 09:39:58 INFO  Action:39 - RETURN: To return to domain selection
2020-02-14 09:39:58 INFO  Ims:54 - Which entity would you like to use? 
2020-02-14 09:39:58 INFO  Domain:30 - CUSTOMER: Information about customers
2020-02-14 09:39:58 INFO  Domain:30 - ITEM: Individual Items
2020-02-14 09:39:58 INFO  Domain:30 - ORDER: Purchases of items
2020-02-14 09:39:58 INFO  Domain:30 - STOP: To close the application
2020-02-14 09:39:58 INFO  Ims:54 - Which entity would you like to use? 
2020-02-14 09:39:58 INFO  Domain:30 - CUSTOMER: Information about customers
2020-02-14 09:39:58 INFO  Domain:30 - ITEM: Individual Items
2020-02-14 09:39:58 INFO  Domain:30 - ORDER: Purchases of items
2020-02-14 09:39:58 INFO  Domain:30 - STOP: To close the application
2020-02-14 09:39:58 INFO  Ims:59 - What would you like to do with order:
2020-02-14 09:39:58 INFO  Action:39 - CREATE: To save a new item into the database
2020-02-14 09:39:58 INFO  Action:39 - READALL: To read all items from the database
2020-02-14 09:39:58 INFO  Action:39 - READ: To read an item from the database
2020-02-14 09:39:58 INFO  Action:39 - UPDATE: To change an item already in the database
2020-02-14 09:39:58 INFO  Action:39 - DELETE: To remove an item from the database
2020-02-14 09:39:58 INFO  Action:39 - RETURN: To return to domain selection
2020-02-14 09:39:58 INFO  Ims:54 - Which entity would you like to use? 
2020-02-14 09:39:58 INFO  Domain:30 - CUSTOMER: Information about customers
2020-02-14 09:39:58 INFO  Domain:30 - ITEM: Individual Items
2020-02-14 09:39:58 INFO  Domain:30 - ORDER: Purchases of items
2020-02-14 09:39:58 INFO  Domain:30 - STOP: To close the application
2020-02-14 09:39:58 INFO  Ims:54 - Which entity would you like to use? 
2020-02-14 09:39:58 INFO  Domain:30 - CUSTOMER: Information about customers
2020-02-14 09:39:58 INFO  Domain:30 - ITEM: Individual Items
2020-02-14 09:39:58 INFO  Domain:30 - ORDER: Purchases of items
2020-02-14 09:39:58 INFO  Domain:30 - STOP: To close the application
2020-02-14 09:39:58 INFO  OrderController:65 - Order [id=1, price=25.0, customerId=2, items={-1 TestItem 5.0=5}]
2020-02-14 09:39:58 INFO  OrderController:65 - Order [id=2, price=25.0, customerId=5, items={-1 TestItem 5.0=5}]
2020-02-14 09:39:58 INFO  OrderController:65 - Order [id=7, price=25.0, customerId=2, items={-1 TestItem 5.0=5}]
2020-02-14 09:39:58 INFO  OrderController:65 - Order [id=100, price=25.0, customerId=50, items={-1 TestItem 5.0=5}]
2020-02-14 09:39:58 INFO  OrderController:83 - Which order would you like to update? (ID)
2020-02-14 09:39:58 INFO  OrderController:85 - Which customer made the order? (ID)
2020-02-14 09:39:58 INFO  OrderController:89 - Order was updated.
2020-02-14 09:39:58 INFO  OrderController:105 - Which order ID to access? 
2020-02-14 09:39:58 INFO  OrderController:108 - Order [id=1, price=25.0, customerId=2, items={-1 TestItem 5.0=5}]
2020-02-14 09:39:58 INFO  OrderController:72 - Please enter the customer's ID. 
2020-02-14 09:39:58 INFO  OrderController:76 - Order was created.
2020-02-14 09:39:58 INFO  OrderController:42 - To continue, press any key. To quit, (Q)uit.
2020-02-14 09:39:58 INFO  OrderController:48 - Item ID: 
2020-02-14 09:39:58 INFO  OrderController:52 - How many of this item? 
2020-02-14 09:39:58 INFO  OrderController:42 - To continue, press any key. To quit, (Q)uit.
2020-02-14 09:39:58 INFO  OrderController:96 - Which order would you like to delete? (ID)
2020-02-14 09:39:58 INFO  OrderController:99 - Order 1 was removed.
2020-02-14 09:39:58 INFO  OrderController:96 - Which order would you like to delete? (ID)
2020-02-14 09:39:58 INFO  OrderController:99 - Order 1 was removed.
2020-02-14 09:39:58 INFO  Utils:43 - Please only use alphanumerics, spaces, and full stops.
